<?xml version="1.0" encoding="UTF-8" ?>
<testsuites errors="0"
            failures="1"
            tests="1">

  <testsuite name="04Happy Path DigitalGlobe Imagery"
    errors="0" failures="1" hostname="" id="" package="04Happy Path DigitalGlobe Imagery" skipped="0"
    tests="1" time="23.10" timestamp="Wed, 28 Feb 2018 19:07:11 GMT">
  
    <testcase name="HappyPath DigitalGlobe Imagery" classname="04Happy Path DigitalGlobe Imagery" time="23.10" assertions="2">

      <failure message="Failed [ok]: (FAILED: 'Click element' - Couldn't find element to click. (Click '.qa-Application-Link-create' using 'CSS'))">    at browser._elementPresent (/Users/Peizer/Documents/EventKitTest/common/snaptest-nw-driver.js:200:22)
    at Object.&lt;anonymous&gt; (/Users/Peizer/Documents/EventKitTest/common/snaptest-nw-driver.js:383:11)</failure>

    
    </testcase>
  

  

  
  </testsuite>
</testsuites>
