<?xml version="1.0" encoding="UTF-8" ?>
<testsuites errors="0"
            failures="1"
            tests="1">

  <testsuite name="06Happy Path Street Map Tile"
    errors="0" failures="1" hostname="" id="" package="06Happy Path Street Map Tile" skipped="0"
    tests="1" time="22.81" timestamp="Wed, 28 Feb 2018 19:07:56 GMT">
  
    <testcase name="HappyPath StreetMap Tile" classname="06Happy Path Street Map Tile" time="22.81" assertions="2">

      <failure message="Failed [ok]: (FAILED: 'Click element' - Couldn't find element to click. (Click '.qa-Application-Link-create' using 'CSS'))">    at browser._elementPresent (/Users/Peizer/Documents/EventKitTest/common/snaptest-nw-driver.js:200:22)
    at Object.&lt;anonymous&gt; (/Users/Peizer/Documents/EventKitTest/common/snaptest-nw-driver.js:383:11)</failure>

    
    </testcase>
  

  

  
  </testsuite>
</testsuites>
