<?xml version="1.0" encoding="UTF-8" ?>
<testsuites errors="0"
            failures="1"
            tests="1">

  <testsuite name="03Download DataPack"
    errors="0" failures="1" hostname="" id="" package="03Download DataPack" skipped="0"
    tests="1" time="100.9" timestamp="Mon, 19 Mar 2018 16:31:46 GMT">
  
    <testcase name="DownloadDataPack" classname="03Download DataPack" time="100.9" assertions="3">

    

      <failure message="Failed [ok]: (FAILED: 'Click element' - Couldn't find element to click. (Click 'div:nth-of-type(4) &gt; div &gt; div:nth-of-type(2) &gt; div &gt; table &gt; thead &gt; tr &gt; th &gt; a &gt; div &gt; button &gt; div &gt; span' using 'CSS'))">    at browser._elementPresent (/Users/Peizer/Documents/EventKitTest/common/snaptest-nw-driver.js:200:22)
    at Object.&lt;anonymous&gt; (/Users/Peizer/Documents/EventKitTest/common/snaptest-nw-driver.js:383:11)</failure>

    
    </testcase>
  

  

  
  </testsuite>
</testsuites>
