<?xml version="1.0" encoding="UTF-8" ?>
<testsuites errors="0"
            failures="1"
            tests="1">

  <testsuite name="05Happy Path Street Map Themes"
    errors="0" failures="1" hostname="" id="" package="05Happy Path Street Map Themes" skipped="0"
    tests="1" time="236.1" timestamp="Mon, 19 Mar 2018 16:35:06 GMT">
  
    <testcase name="HappyPath StreetMap Themes" classname="05Happy Path Street Map Themes" time="236.1" assertions="3">

    

      <failure message="Failed [ok]: (FAILED: 'El text is... &quot;COMPLETED&quot;' - Couldn't find element. (Assert text matches 'COMPLETED' at 'div &gt; form &gt; div &gt; div:nth-of-type(2) &gt; div:nth-of-type(3) &gt; table &gt; tbody &gt; tr &gt; td:nth-of-type(2)' using 'CSS'))">    at browser._elementPresent (/Users/Peizer/Documents/EventKitTest/common/snaptest-nw-driver.js:509:22)
    at Object.&lt;anonymous&gt; (/Users/Peizer/Documents/EventKitTest/common/snaptest-nw-driver.js:383:11)</failure>

    
    </testcase>
  

  

  
  </testsuite>
</testsuites>
