<?xml version="1.0" encoding="UTF-8" ?>
<testsuites errors="0"
            failures="1"
            tests="1">

  <testsuite name="06Happy Path Street Map Tile"
    errors="0" failures="1" hostname="" id="" package="06Happy Path Street Map Tile" skipped="0"
    tests="1" time="236.3" timestamp="Mon, 19 Mar 2018 16:39:02 GMT">
  
    <testcase name="HappyPath StreetMap Tile" classname="06Happy Path Street Map Tile" time="236.3" assertions="3">

    

      <failure message="Failed [ok]: (FAILED: 'El text is... &quot;COMPLETED&quot;' - Couldn't find element. (Assert text matches 'COMPLETED' at 'div &gt; form &gt; div &gt; div:nth-of-type(2) &gt; div:nth-of-type(3) &gt; table &gt; tbody &gt; tr &gt; td:nth-of-type(2)' using 'CSS'))">    at browser._elementPresent (/Users/Peizer/Documents/EventKitTest/common/snaptest-nw-driver.js:509:22)
    at Object.&lt;anonymous&gt; (/Users/Peizer/Documents/EventKitTest/common/snaptest-nw-driver.js:383:11)</failure>

    
    </testcase>
  

  

  
  </testsuite>
</testsuites>
