<?xml version="1.0" encoding="UTF-8" ?>
<testsuites errors="0"
            failures="1"
            tests="1">

  <testsuite name="03Filters"
    errors="0" failures="1" hostname="" id="" package="03Filters" skipped="0"
    tests="1" time="33.19" timestamp="Mon, 15 Jan 2018 22:21:41 GMT">
  
    <testcase name="Filters" classname="03Filters" time="33.19" assertions="2">

      <failure message="Failed [ok]: (FAILED: 'Click element' - Couldn't find element to click. (Click 'div &gt; div &gt; div &gt; div:nth-of-type(2) &gt; div &gt; div &gt; div &gt; input' using 'CSS'))">    at browser._elementPresent (/Users/Peizer/Documents/EventkitTesting/common/snaptest-nw-driver.js:200:22)
    at Object.&lt;anonymous&gt; (/Users/Peizer/Documents/EventkitTesting/common/snaptest-nw-driver.js:383:11)</failure>

    
    </testcase>
  

  

  
  </testsuite>
</testsuites>
