<?xml version="1.0" encoding="UTF-8" ?>
<testsuites errors="0"
            failures="1"
            tests="1">

  <testsuite name="02Filters"
    errors="0" failures="1" hostname="" id="" package="02Filters" skipped="0"
    tests="1" time="28.15" timestamp="Mon, 19 Mar 2018 16:31:18 GMT">
  
    <testcase name="Filters" classname="02Filters" time="28.15" assertions="2">

      <failure message="Failed [ok]: (FAILED: 'Click element' - Couldn't find element to click. (Click 'div &gt; div &gt; div &gt; div:nth-of-type(2) &gt; div &gt; div &gt; div &gt; input' using 'CSS'))">    at browser._elementPresent (/Users/Peizer/Documents/EventKitTest/common/snaptest-nw-driver.js:200:22)
    at Object.&lt;anonymous&gt; (/Users/Peizer/Documents/EventKitTest/common/snaptest-nw-driver.js:383:11)</failure>

    
    </testcase>
  

  

  
  </testsuite>
</testsuites>
