<?xml version="1.0" encoding="UTF-8" ?>
<testsuites errors="0"
            failures="1"
            tests="1">

  <testsuite name="03Download DataPack"
    errors="0" failures="1" hostname="" id="" package="03Download DataPack" skipped="0"
    tests="1" time="20.46" timestamp="Wed, 28 Feb 2018 19:06:50 GMT">
  
    <testcase name="DownloadDataPack" classname="03Download DataPack" time="20.46" assertions="2">

      <failure message="Failed [ok]: (FAILED: 'Click element' - Couldn't find element to click. (Click 'div &gt; a &gt; div &gt; button &gt; div &gt; div' using 'CSS'))">    at browser._elementPresent (/Users/Peizer/Documents/EventKitTest/common/snaptest-nw-driver.js:200:22)
    at Object.&lt;anonymous&gt; (/Users/Peizer/Documents/EventKitTest/common/snaptest-nw-driver.js:383:11)</failure>

    
    </testcase>
  

  

  
  </testsuite>
</testsuites>
