<?xml version="1.0" encoding="UTF-8" ?>
<testsuites errors="0"
            failures="1"
            tests="1">

  <testsuite name="09Logout and Session Clear"
    errors="0" failures="1" hostname="" id="" package="09Logout and Session Clear" skipped="0"
    tests="1" time="12.29" timestamp="Wed, 14 Mar 2018 19:09:58 GMT">
  
    <testcase name="Logout and Session Clear" classname="09Logout and Session Clear" time="12.29" assertions="1">  <failure message="Failed [ok]: (FAILED: 'Click element' - Couldn't find element to click. (Click 'div .qa-Application-content span' using 'CSS'))">    at browser._elementPresent (/Users/Peizer/Documents/EventKitTest/common/snaptest-nw-driver.js:200:22)
    at Object.&lt;anonymous&gt; (/Users/Peizer/Documents/EventKitTest/common/snaptest-nw-driver.js:383:11)</failure>

    
    </testcase>
  

  

  
  </testsuite>
</testsuites>
