<?xml version="1.0" encoding="UTF-8" ?>
<testsuites errors="0"
            failures="1"
            tests="1">

  <testsuite name="06Happy Path Street Map Tile"
    errors="0" failures="1" hostname="" id="" package="06Happy Path Street Map Tile" skipped="0"
    tests="1" time="31.98" timestamp="Thu, 15 Mar 2018 17:43:51 GMT">
  
    <testcase name="HappyPath StreetMap Tile" classname="06Happy Path Street Map Tile" time="31.98" assertions="12">

    

    

    

    

    

    

    

    

    

    

      <failure message="Failed [ok]: (FAILED: 'Click element' - Couldn't find element to click. (Click '.bootstrap-typeahead-menu &gt; :nth-child(3) .qa-TypeaheadMenuItem-name' using 'CSS'))">    at browser._elementPresent (/Users/Peizer/Documents/EventKitTest/common/snaptest-nw-driver.js:200:22)
    at Object.&lt;anonymous&gt; (/Users/Peizer/Documents/EventKitTest/common/snaptest-nw-driver.js:383:11)</failure>

    
    </testcase>
  

  

  
  </testsuite>
</testsuites>
