<?xml version="1.0" encoding="UTF-8" ?>
<testsuites errors="0"
            failures="1"
            tests="1">

  <testsuite name="03Download DataPack"
    errors="0" failures="1" hostname="" id="" package="03Download DataPack" skipped="0"
    tests="1" time="32.03" timestamp="Thu, 15 Mar 2018 16:42:12 GMT">
  
    <testcase name="DownloadDataPack" classname="03Download DataPack" time="32.03" assertions="12">

    

    

    

    

    

    

    

    

    

    

      <failure message="Failed [ok]: (FAILED: 'Click element' - Couldn't find element to click. (Click '.bootstrap-typeahead-menu &gt; :nth-child(3) .qa-TypeaheadMenuItem-name' using 'CSS'))">    at browser._elementPresent (/Users/Peizer/Documents/EventKitTest/common/snaptest-nw-driver.js:200:22)
    at Object.&lt;anonymous&gt; (/Users/Peizer/Documents/EventKitTest/common/snaptest-nw-driver.js:383:11)</failure>

    
    </testcase>
  

  

  
  </testsuite>
</testsuites>
