<?xml version="1.0" encoding="UTF-8" ?>
<testsuites errors="0"
            failures="1"
            tests="1">

  <testsuite name="08Find DataPack"
    errors="0" failures="1" hostname="" id="" package="08Find DataPack" skipped="0"
    tests="1" time="34.91" timestamp="Thu, 15 Mar 2018 17:45:01 GMT">
  
    <testcase name="FindDataPack" classname="08Find DataPack" time="34.91" assertions="12">

    

    

    

    

    

    

    

    

    

    

      <failure message="Failed [ok]: (FAILED: 'Click element' - Couldn't find element to click. (Click '.bootstrap-typeahead-menu &gt; :nth-child(2) .qa-TypeaheadMenuItem-description' using 'CSS'))">    at browser._elementPresent (/Users/Peizer/Documents/EventKitTest/common/snaptest-nw-driver.js:200:22)
    at Object.&lt;anonymous&gt; (/Users/Peizer/Documents/EventKitTest/common/snaptest-nw-driver.js:383:11)</failure>

    
    </testcase>
  

  

  
  </testsuite>
</testsuites>
